#-----------------------------------------------------------
# Webtalk v2015.3 (64-bit)
# SW Build 1368829 on Mon Sep 28 20:06:39 MDT 2015
# 
# Start of session at: Thu Dec 24 17:41:28 2015
# Process ID: 21489
# Current directory: /home/jara/ownCloud-pluto/elektronika/zed6_eth100_link/zed6_eth100_link.sdk/webtalk
# Command line: wbtcv -mode batch -source sdk_webtalk.tcl
# Log file: /home/jara/ownCloud-pluto/elektronika/zed6_eth100_link/zed6_eth100_link.sdk/webtalk/webtalk.log
# Journal file: /home/jara/ownCloud-pluto/elektronika/zed6_eth100_link/zed6_eth100_link.sdk/webtalk/webtalk.jou
#-----------------------------------------------------------
source sdk_webtalk.tcl
# webtalk_init -webtalk_dir /home/jara/ownCloud-pluto/elektronika/zed6_eth100_link/zed6_eth100_link.sdk/webtalk
# webtalk_register_client -client project
# webtalk_add_data -client project -key date_generated -value "Thu Dec 24 17:41:27 2015" -context "software_version_and_target_device"
# webtalk_add_data -client project -key product_version -value "SDK v2015.3" -context "software_version_and_target_device"
# webtalk_add_data -client project -key build_version -value "2015.3" -context "software_version_and_target_device"
# webtalk_add_data -client project -key os_platform -value "amd64" -context "software_version_and_target_device"
# webtalk_add_data -client project -key registration_id -value "" -context "software_version_and_target_device"
# webtalk_add_data -client project -key tool_flow -value "SDK" -context "software_version_and_target_device"
# webtalk_add_data -client project -key beta -value "false" -context "software_version_and_target_device"
# webtalk_add_data -client project -key route_design -value "NA" -context "software_version_and_target_device"
# webtalk_add_data -client project -key target_family -value "NA" -context "software_version_and_target_device"
# webtalk_add_data -client project -key target_device -value "NA" -context "software_version_and_target_device"
# webtalk_add_data -client project -key target_package -value "NA" -context "software_version_and_target_device"
# webtalk_add_data -client project -key target_speed -value "NA" -context "software_version_and_target_device"
# webtalk_add_data -client project -key random_id -value "f2fjd0or5ruf3frek8n0i1o61b" -context "software_version_and_target_device"
# webtalk_add_data -client project -key project_id -value "2015.3_9" -context "software_version_and_target_device"
# webtalk_add_data -client project -key project_iteration -value "9" -context "software_version_and_target_device"
# webtalk_add_data -client project -key os_name -value "" -context "user_environment"
# webtalk_add_data -client project -key os_release -value "" -context "user_environment"
# webtalk_add_data -client project -key cpu_name -value "" -context "user_environment"
# webtalk_add_data -client project -key cpu_speed -value "" -context "user_environment"
# webtalk_add_data -client project -key total_processors -value "" -context "user_environment"
# webtalk_add_data -client project -key system_ram -value "" -context "user_environment"
# webtalk_register_client -client sdk
# webtalk_add_data -client sdk -key uid -value "1450975155000" -context "sdk\\\\hardware/1450975155000"
# webtalk_add_data -client sdk -key isZynq -value "true" -context "sdk\\\\hardware/1450975155000"
# webtalk_add_data -client sdk -key Processors -value "2" -context "sdk\\\\hardware/1450975155000"
# webtalk_add_data -client sdk -key VivadoVersion -value "2015.3" -context "sdk\\\\hardware/1450975155000"
# webtalk_add_data -client sdk -key Arch -value "zynq" -context "sdk\\\\hardware/1450975155000"
# webtalk_add_data -client sdk -key Device -value "7z020" -context "sdk\\\\hardware/1450975155000"
# webtalk_add_data -client sdk -key IsHandoff -value "true" -context "sdk\\\\hardware/1450975155000"
# webtalk_add_data -client sdk -key uid -value "1450975235000" -context "sdk\\\\bsp/1450975235000"
# webtalk_add_data -client sdk -key hwid -value "1450975155000" -context "sdk\\\\bsp/1450975235000"
# webtalk_add_data -client sdk -key os -value "freertos821_xilinx" -context "sdk\\\\bsp/1450975235000"
# webtalk_add_data -client sdk -key apptemplate -value "null" -context "sdk\\\\bsp/1450975235000"
# webtalk_transmit -clientid 624727936 -regid "" -xml /home/jara/ownCloud-pluto/elektronika/zed6_eth100_link/zed6_eth100_link.sdk/webtalk/usage_statistics_ext_sdk.xml -html /home/jara/ownCloud-pluto/elektronika/zed6_eth100_link/zed6_eth100_link.sdk/webtalk/usage_statistics_ext_sdk.html -wdm /home/jara/ownCloud-pluto/elektronika/zed6_eth100_link/zed6_eth100_link.sdk/webtalk/sdk_webtalk.wdm -intro "<H3>SDK Usage Report</H3><BR>"
# webtalk_terminate
INFO: [Common 17-206] Exiting Webtalk at Thu Dec 24 17:41:28 2015...
